Using pre-set license
Built from '2020.2/release' branch; Version is '2020.2.0f1 (3721df5a8b28) revision 3613151'; Using compiler version '192528614'; Build Type 'Release'
OS: 'Windows 10  (10.0.0) 64bit' Language: 'zh' Physical Memory: 16219 MB
BatchMode: 1, IsHumanControllingUs: 0, StartBugReporterOnCrash: 0, Is64bit: 1, IsPro: 0

 COMMAND LINE ARGUMENTS:
C:\Program Files\Unity\Hub\Editor\2020.2.0f1\Editor\Unity.exe
-adb2
-batchMode
-noUpm
-name
AssetImportWorker0
-projectPath
D:/GBC/Semester 5/MULTIPLAYER SYSTEMS/NetworkedClient
-logFile
Logs/AssetImportWorker0.log
-srvPort
59649
Successfully changed project path to: D:/GBC/Semester 5/MULTIPLAYER SYSTEMS/NetworkedClient
D:/GBC/Semester 5/MULTIPLAYER SYSTEMS/NetworkedClient
Using Asset Import Pipeline V2.
Refreshing native plugins compatible for Editor in 33.17 ms, found 1 plugins.
Preloading 0 native plugins for Editor in 0.00 ms.
Initialize engine version: 2020.2.0f1 (3721df5a8b28)
[Subsystems] Discovering subsystems at path C:/Program Files/Unity/Hub/Editor/2020.2.0f1/Editor/Data/Resources/UnitySubsystems
[Subsystems] Discovering subsystems at path D:/GBC/Semester 5/MULTIPLAYER SYSTEMS/NetworkedClient/Assets
GfxDevice: creating device client; threaded=0
Direct3D:
    Version:  Direct3D 11.0 [level 11.1]
    Renderer: NVIDIA GeForce RTX 2070 Super with Max-Q Design (ID=0x1ed1)
    Vendor:   
    VRAM:     8011 MB
    Driver:   27.21.14.5720
Initialize mono
Mono path[0] = 'C:/Program Files/Unity/Hub/Editor/2020.2.0f1/Editor/Data/Managed'
Mono path[1] = 'C:/Program Files/Unity/Hub/Editor/2020.2.0f1/Editor/Data/MonoBleedingEdge/lib/mono/unityjit'
Mono config path = 'C:/Program Files/Unity/Hub/Editor/2020.2.0f1/Editor/Data/MonoBleedingEdge/etc'
Using monoOptions --debugger-agent=transport=dt_socket,embedding=1,server=y,suspend=n,address=127.0.0.1:56888
Begin MonoManager ReloadAssembly
Registering precompiled unity dll's ...
Register platform support module: C:/Program Files/Unity/Hub/Editor/2020.2.0f1/Editor/Data/PlaybackEngines/WebGLSupport/UnityEditor.WebGL.Extensions.dll
Register platform support module: C:/Program Files/Unity/Hub/Editor/2020.2.0f1/Editor/Data/PlaybackEngines/WindowsStandaloneSupport/UnityEditor.WindowsStandalone.Extensions.dll
Registered in 0.005998 seconds.
Native extension for WindowsStandalone target not found
Native extension for WebGL target not found
Refreshing native plugins compatible for Editor in 32.27 ms, found 1 plugins.
Preloading 0 native plugins for Editor in 0.00 ms.
Invoked RoslynAnalysisRunner static constructor.
RoslynAnalysisRunner will not be running.
RoslynAnalysisRunner has terminated.
Mono: successfully reloaded assembly
- Completed reload, in  1.906 seconds
Platform modules already initialized, skipping
Registering precompiled user dll's ...
Registered in 0.000902 seconds.
Begin MonoManager ReloadAssembly
Native extension for WindowsStandalone target not found
Native extension for WebGL target not found
Refreshing native plugins compatible for Editor in 34.57 ms, found 1 plugins.
Preloading 0 native plugins for Editor in 0.00 ms.
Invoked RoslynAnalysisRunner static constructor.
RoslynAnalysisRunner will not be running.
RoslynAnalysisRunner has terminated.
Mono: successfully reloaded assembly
- Completed reload, in  0.954 seconds
Platform modules already initialized, skipping
========================================================================
Worker process is ready to serve import requests
Launched and connected shader compiler UnityShaderCompiler.exe after 0.04 seconds
Refreshing native plugins compatible for Editor in 0.33 ms, found 1 plugins.
Preloading 0 native plugins for Editor in 0.00 ms.
Unloading 1787 Unused Serialized files (Serialized files now loaded: 0)
System memory in use before: 86.0 MB.
System memory in use after: 86.0 MB.

Unloading 24 unused Assets to reduce memory usage. Loaded Objects now: 2226.
Total: 1.781500 ms (FindLiveObjects: 0.197800 ms CreateObjectMapping: 0.097000 ms MarkObjects: 1.385100 ms  DeleteObjects: 0.100400 ms)

========================================================================
Received Import Request.
  path: Assets
  artifactKey: Guid(00000000000000001000000000000000) Importer(815301076,1909f56bfc062723c751e8b465ee728b)
Start importing Assets using Guid(00000000000000001000000000000000) Importer(815301076,1909f56bfc062723c751e8b465ee728b)  -> (artifact id: 'b41cfa13f056e58f64cf5f3363de7353') in 0.005216 seconds
  Import took 0.010906 seconds .

========================================================================
Received Import Request.
  Time since last request: 11.025071 seconds.
  path: Assets/NetworkClient
  artifactKey: Guid(f3622c27ae0b60b44a2ba352d6faa451) Importer(815301076,1909f56bfc062723c751e8b465ee728b)
Start importing Assets/NetworkClient using Guid(f3622c27ae0b60b44a2ba352d6faa451) Importer(815301076,1909f56bfc062723c751e8b465ee728b)  -> (artifact id: 'a6b56ad474313cedf05cff58bd85e5aa') in 0.003147 seconds
  Import took 0.005926 seconds .

========================================================================
Received Import Request.
  Time since last request: 0.002443 seconds.
  path: Assets/NetworkClient
  artifactKey: Guid(f3622c27ae0b60b44a2ba352d6faa451) Importer(815301076,1909f56bfc062723c751e8b465ee728b)
Start importing Assets/NetworkClient using Guid(f3622c27ae0b60b44a2ba352d6faa451) Importer(815301076,1909f56bfc062723c751e8b465ee728b)  -> (artifact id: 'a6b56ad474313cedf05cff58bd85e5aa') in 0.002674 seconds
  Import took 0.005315 seconds .

========================================================================
Received Import Request.
  Time since last request: 15.118618 seconds.
  path: Assets/NetworkClient.cs
  artifactKey: Guid(b7039417b031ab449b7d93fc95aba696) Importer(815301076,1909f56bfc062723c751e8b465ee728b)
Start importing Assets/NetworkClient.cs using Guid(b7039417b031ab449b7d93fc95aba696) Importer(815301076,1909f56bfc062723c751e8b465ee728b)  -> (artifact id: '43c075cc9219084326a358762df0678f') in 0.058120 seconds
  Import took 0.060520 seconds .

========================================================================
Received Prepare
Registering precompiled user dll's ...
Registered in 0.001344 seconds.
Begin MonoManager ReloadAssembly
Native extension for WindowsStandalone target not found
Native extension for WebGL target not found
Refreshing native plugins compatible for Editor in 0.34 ms, found 1 plugins.
Preloading 0 native plugins for Editor in 0.00 ms.
Invoked RoslynAnalysisRunner static constructor.
RoslynAnalysisRunner will not be running.
RoslynAnalysisRunner has terminated.
Mono: successfully reloaded assembly
- Completed reload, in  0.857 seconds
Platform modules already initialized, skipping
Refreshing native plugins compatible for Editor in 0.30 ms, found 1 plugins.
Preloading 0 native plugins for Editor in 0.00 ms.
Unloading 1783 Unused Serialized files (Serialized files now loaded: 0)
System memory in use before: 86.1 MB.
System memory in use after: 86.1 MB.

Unloading 12 unused Assets to reduce memory usage. Loaded Objects now: 2230.
Total: 1.772300 ms (FindLiveObjects: 0.198100 ms CreateObjectMapping: 0.079300 ms MarkObjects: 1.414100 ms  DeleteObjects: 0.079600 ms)

========================================================================
Received Prepare
Registering precompiled user dll's ...
Registered in 0.001638 seconds.
Begin MonoManager ReloadAssembly
Native extension for WindowsStandalone target not found
Native extension for WebGL target not found
Refreshing native plugins compatible for Editor in 0.30 ms, found 1 plugins.
Preloading 0 native plugins for Editor in 0.00 ms.
Invoked RoslynAnalysisRunner static constructor.
RoslynAnalysisRunner will not be running.
RoslynAnalysisRunner has terminated.
Mono: successfully reloaded assembly
- Completed reload, in  0.850 seconds
Platform modules already initialized, skipping
Refreshing native plugins compatible for Editor in 0.30 ms, found 1 plugins.
Preloading 0 native plugins for Editor in 0.00 ms.
Unloading 1783 Unused Serialized files (Serialized files now loaded: 0)
System memory in use before: 86.2 MB.
System memory in use after: 86.2 MB.

Unloading 12 unused Assets to reduce memory usage. Loaded Objects now: 2233.
Total: 1.697100 ms (FindLiveObjects: 0.178400 ms CreateObjectMapping: 0.067500 ms MarkObjects: 1.371700 ms  DeleteObjects: 0.078200 ms)

========================================================================
Received Import Request.
  Time since last request: 65.499589 seconds.
  path: Assets/NetworkClient.cs
  artifactKey: Guid(b7039417b031ab449b7d93fc95aba696) Importer(815301076,1909f56bfc062723c751e8b465ee728b)
Start importing Assets/NetworkClient.cs using Guid(b7039417b031ab449b7d93fc95aba696) Importer(815301076,1909f56bfc062723c751e8b465ee728b)  -> (artifact id: 'b99f61829979cffe70f87c2765cf7a03') in 0.004316 seconds
  Import took 0.006983 seconds .

========================================================================
Received Prepare
Registering precompiled user dll's ...
Registered in 0.002164 seconds.
Begin MonoManager ReloadAssembly
Native extension for WindowsStandalone target not found
Native extension for WebGL target not found
Refreshing native plugins compatible for Editor in 0.39 ms, found 1 plugins.
Preloading 0 native plugins for Editor in 0.00 ms.
Invoked RoslynAnalysisRunner static constructor.
RoslynAnalysisRunner will not be running.
RoslynAnalysisRunner has terminated.
Mono: successfully reloaded assembly
- Completed reload, in  1.127 seconds
Platform modules already initialized, skipping
Refreshing native plugins compatible for Editor in 0.34 ms, found 1 plugins.
Preloading 0 native plugins for Editor in 0.00 ms.
Unloading 1783 Unused Serialized files (Serialized files now loaded: 0)
System memory in use before: 86.2 MB.
System memory in use after: 86.2 MB.

Unloading 12 unused Assets to reduce memory usage. Loaded Objects now: 2236.
Total: 2.324900 ms (FindLiveObjects: 0.315300 ms CreateObjectMapping: 0.139600 ms MarkObjects: 1.778200 ms  DeleteObjects: 0.090800 ms)

========================================================================
Received Prepare
Registering precompiled user dll's ...
Registered in 0.001440 seconds.
Begin MonoManager ReloadAssembly
Native extension for WindowsStandalone target not found
Native extension for WebGL target not found
Refreshing native plugins compatible for Editor in 0.70 ms, found 1 plugins.
Preloading 0 native plugins for Editor in 0.00 ms.
Invoked RoslynAnalysisRunner static constructor.
RoslynAnalysisRunner will not be running.
RoslynAnalysisRunner has terminated.
Mono: successfully reloaded assembly
- Completed reload, in  1.182 seconds
Platform modules already initialized, skipping
Refreshing native plugins compatible for Editor in 0.29 ms, found 1 plugins.
Preloading 0 native plugins for Editor in 0.00 ms.
Unloading 1783 Unused Serialized files (Serialized files now loaded: 0)
System memory in use before: 86.3 MB.
System memory in use after: 86.3 MB.

Unloading 12 unused Assets to reduce memory usage. Loaded Objects now: 2239.
Total: 2.851300 ms (FindLiveObjects: 0.365000 ms CreateObjectMapping: 0.173500 ms MarkObjects: 2.217800 ms  DeleteObjects: 0.093100 ms)

========================================================================
Received Import Request.
  Time since last request: 5105.471800 seconds.
  path: Assets/NetworkedServer.cs
  artifactKey: Guid(5795a8f4e4fe4db4cab80529adcc4060) Importer(815301076,1909f56bfc062723c751e8b465ee728b)
Start importing Assets/NetworkedServer.cs using Guid(5795a8f4e4fe4db4cab80529adcc4060) Importer(815301076,1909f56bfc062723c751e8b465ee728b)  -> (artifact id: 'f51a2b4bcf3645f32e02413c5f615c3b') in 0.012240 seconds
  Import took 0.021209 seconds .

========================================================================
Received Prepare
Registering precompiled user dll's ...
Registered in 0.001624 seconds.
Begin MonoManager ReloadAssembly
Native extension for WindowsStandalone target not found
Native extension for WebGL target not found
Refreshing native plugins compatible for Editor in 0.32 ms, found 1 plugins.
Preloading 0 native plugins for Editor in 0.00 ms.
Invoked RoslynAnalysisRunner static constructor.
RoslynAnalysisRunner will not be running.
RoslynAnalysisRunner has terminated.
Mono: successfully reloaded assembly
- Completed reload, in  0.854 seconds
Platform modules already initialized, skipping
Refreshing native plugins compatible for Editor in 0.30 ms, found 1 plugins.
Preloading 0 native plugins for Editor in 0.00 ms.
Unloading 1784 Unused Serialized files (Serialized files now loaded: 0)
System memory in use before: 86.4 MB.
System memory in use after: 86.4 MB.

Unloading 12 unused Assets to reduce memory usage. Loaded Objects now: 2243.
Total: 4.319300 ms (FindLiveObjects: 0.419800 ms CreateObjectMapping: 0.094700 ms MarkObjects: 3.425000 ms  DeleteObjects: 0.378500 ms)

========================================================================
Received Prepare
Registering precompiled user dll's ...
Registered in 0.001600 seconds.
Begin MonoManager ReloadAssembly
Native extension for WindowsStandalone target not found
Native extension for WebGL target not found
Refreshing native plugins compatible for Editor in 0.35 ms, found 1 plugins.
Preloading 0 native plugins for Editor in 0.00 ms.
Invoked RoslynAnalysisRunner static constructor.
RoslynAnalysisRunner will not be running.
RoslynAnalysisRunner has terminated.
Mono: successfully reloaded assembly
- Completed reload, in  0.900 seconds
Platform modules already initialized, skipping
Refreshing native plugins compatible for Editor in 0.30 ms, found 1 plugins.
Preloading 0 native plugins for Editor in 0.00 ms.
Unloading 1784 Unused Serialized files (Serialized files now loaded: 0)
System memory in use before: 86.5 MB.
System memory in use after: 86.5 MB.

Unloading 12 unused Assets to reduce memory usage. Loaded Objects now: 2246.
Total: 1.879900 ms (FindLiveObjects: 0.200100 ms CreateObjectMapping: 0.069400 ms MarkObjects: 1.406900 ms  DeleteObjects: 0.202300 ms)

========================================================================
Received Import Request.
  Time since last request: 2237.831719 seconds.
  path: Assets/NetworkedServer.cs
  artifactKey: Guid(5795a8f4e4fe4db4cab80529adcc4060) Importer(815301076,1909f56bfc062723c751e8b465ee728b)
Start importing Assets/NetworkedServer.cs using Guid(5795a8f4e4fe4db4cab80529adcc4060) Importer(815301076,1909f56bfc062723c751e8b465ee728b)  -> (artifact id: '3c7889cf98b49b6ba1f2709649a2e998') in 0.004850 seconds
  Import took 0.007753 seconds .

========================================================================
Received Prepare
Registering precompiled user dll's ...
Registered in 0.001729 seconds.
Begin MonoManager ReloadAssembly
Native extension for WindowsStandalone target not found
Native extension for WebGL target not found
Refreshing native plugins compatible for Editor in 0.31 ms, found 1 plugins.
Preloading 0 native plugins for Editor in 0.00 ms.
Invoked RoslynAnalysisRunner static constructor.
RoslynAnalysisRunner will not be running.
RoslynAnalysisRunner has terminated.
Mono: successfully reloaded assembly
- Completed reload, in  0.884 seconds
Platform modules already initialized, skipping
Refreshing native plugins compatible for Editor in 0.31 ms, found 1 plugins.
Preloading 0 native plugins for Editor in 0.00 ms.
Unloading 1783 Unused Serialized files (Serialized files now loaded: 0)
System memory in use before: 86.5 MB.
System memory in use after: 86.5 MB.

Unloading 13 unused Assets to reduce memory usage. Loaded Objects now: 2248.
Total: 1.761800 ms (FindLiveObjects: 0.168300 ms CreateObjectMapping: 0.072800 ms MarkObjects: 1.387300 ms  DeleteObjects: 0.131900 ms)

AssetImportWorkerClient::OnTransportError - code=2 error=End of file
